[game/DarkModGlobals.cpp ( 362):INI (INIT) FR:    0] LogFile created at 2017.06.20 22:08:23
[game/DarkModGlobals.cpp ( 365):INI (INIT) FR:    0] DLL last cleaned and rebuilt on Jan 15 2017 08:11:28
[game/DarkModGlobals.cpp ( 367):INI (INIT) FR:    0] The Dark Mod 2.05, code revision 6757
[game/DarkModGlobals.cpp ( 408):FRC (FORCE) FR:    0] LogBegin: 0
[game/DarkModGlobals.cpp ( 408):FRC (FORCE) FR:    0] LogEnd: 0
[game/DarkModGlobals.cpp ( 408):FRC (FORCE) FR:    0] LogInfo: 0
[game/DarkModGlobals.cpp ( 408):FRC (FORCE) FR:    0] LogDebug: 0
[game/DarkModGlobals.cpp ( 408):FRC (FORCE) FR:    0] LogWarning: 0
[game/DarkModGlobals.cpp ( 408):FRC (FORCE) FR:    0] LogError: 0
[game/DarkModGlobals.cpp ( 418):FRC (FORCE) FR:    0] LogClass_FRAME: 0
[game/DarkModGlobals.cpp ( 418):FRC (FORCE) FR:    0] LogClass_SYSTEM: 0
[game/DarkModGlobals.cpp ( 418):FRC (FORCE) FR:    0] LogClass_MISC: 0
[game/DarkModGlobals.cpp ( 418):FRC (FORCE) FR:    0] LogClass_FROBBING: 0
[game/DarkModGlobals.cpp ( 418):FRC (FORCE) FR:    0] LogClass_AI: 0
[game/DarkModGlobals.cpp ( 418):FRC (FORCE) FR:    0] LogClass_SOUND: 0
[game/DarkModGlobals.cpp ( 418):FRC (FORCE) FR:    0] LogClass_FUNCTION: 0
[game/DarkModGlobals.cpp ( 418):FRC (FORCE) FR:    0] LogClass_ENTITY: 0
[game/DarkModGlobals.cpp ( 418):FRC (FORCE) FR:    0] LogClass_INVENTORY: 0
[game/DarkModGlobals.cpp ( 418):FRC (FORCE) FR:    0] LogClass_LIGHT: 0
[game/DarkModGlobals.cpp ( 418):FRC (FORCE) FR:    0] LogClass_WEAPON: 0
[game/DarkModGlobals.cpp ( 418):FRC (FORCE) FR:    0] LogClass_MATH: 0
[game/DarkModGlobals.cpp ( 418):FRC (FORCE) FR:    0] LogClass_MOVEMENT: 0
[game/DarkModGlobals.cpp ( 418):FRC (FORCE) FR:    0] LogClass_STIM_RESPONSE: 0
[game/DarkModGlobals.cpp ( 418):FRC (FORCE) FR:    0] LogClass_OBJECTIVES: 0
[game/DarkModGlobals.cpp ( 418):FRC (FORCE) FR:    0] LogClass_DIFFICULTY: 0
[game/DarkModGlobals.cpp ( 418):FRC (FORCE) FR:    0] LogClass_CONVERSATION: 0
[game/DarkModGlobals.cpp ( 418):FRC (FORCE) FR:    0] LogClass_MAINMENU: 0
[game/DarkModGlobals.cpp ( 418):FRC (FORCE) FR:    0] LogClass_LOCKPICK: 0
[game/DarkModGlobals.cpp ( 418):FRC (FORCE) FR:    0] LogClass_AAS: 0
[game/DarkModGlobals.cpp ( 418):FRC (FORCE) FR:    0] LogClass_STATE: 0
